[MFLOG|0|2025-04-12T16:07:21.970487Z|runtime|1fb84e69-f5a0-4853-bfe8-3292ead52c66]<flow MoviePopularityFlow step start> failed:
[MFLOG|0|2025-04-12T16:07:21.983621Z|runtime|2fede74b-067d-4904-8b4d-f21dd2c021f4]    Internal error
[MFLOG|0|2025-04-12T16:07:21.984794Z|runtime|98c57dc6-8714-43cb-9004-fcda7128200b]Traceback (most recent call last):
[MFLOG|0|2025-04-12T16:07:21.984928Z|runtime|e94a7b06-6ef0-45e9-9f37-4a57b4a1417f]  File "/Users/srivatsakamballa/Desktop/Spring-2025/CS594/Homeworks/Homework-03/venv/lib/python3.9/site-packages/metaflow/cli.py", line 611, in main
[MFLOG|0|2025-04-12T16:07:21.985138Z|runtime|0348e9d0-9706-4ae3-8bff-c5de1216bbe0]    start(auto_envvar_prefix="METAFLOW", obj=state)
[MFLOG|0|2025-04-12T16:07:21.985230Z|runtime|60ea8f02-5853-41f0-9912-4e2c11d882d7]  File "/Users/srivatsakamballa/Desktop/Spring-2025/CS594/Homeworks/Homework-03/venv/lib/python3.9/site-packages/metaflow/_vendor/click/core.py", line 829, in __call__
[MFLOG|0|2025-04-12T16:07:21.985295Z|runtime|0dc60358-c46b-45b9-96ec-18a920fa7baa]    return self.main(args, kwargs)
[MFLOG|0|2025-04-12T16:07:22.151290Z|runtime|1165aafd-689e-4a47-a763-a983c02dde93]  File "/Users/srivatsakamballa/Desktop/Spring-2025/CS594/Homeworks/Homework-03/venv/lib/python3.9/site-packages/metaflow/_vendor/click/core.py", line 782, in main
[MFLOG|0|2025-04-12T16:07:22.151571Z|runtime|f61525ad-d3ba-4f37-bae1-f9a3cec937ce]    rv = self.invoke(ctx)
[MFLOG|0|2025-04-12T16:07:22.151629Z|runtime|bd2088ae-7a44-4a11-b78f-3c9978ec2583]  File "/Users/srivatsakamballa/Desktop/Spring-2025/CS594/Homeworks/Homework-03/venv/lib/python3.9/site-packages/metaflow/cli_components/utils.py", line 69, in invoke
[MFLOG|0|2025-04-12T16:07:22.151674Z|runtime|e2f30e05-a63a-4353-9947-7eed6ad8163c]    return _process_result(sub_ctx.command.invoke(sub_ctx))
[MFLOG|0|2025-04-12T16:07:22.151714Z|runtime|e2842dc4-52d7-4f2e-801d-9fccedbcaeae]  File "/Users/srivatsakamballa/Desktop/Spring-2025/CS594/Homeworks/Homework-03/venv/lib/python3.9/site-packages/metaflow/_vendor/click/core.py", line 1066, in invoke
[MFLOG|0|2025-04-12T16:07:22.151755Z|runtime|14dc10fe-316c-46aa-9cb3-5da36ed0bd92]    return ctx.invoke(self.callback, ctx.params)
[MFLOG|0|2025-04-12T16:07:22.151794Z|runtime|607f1c11-41fc-4726-9fcb-e118aaf5489a]  File "/Users/srivatsakamballa/Desktop/Spring-2025/CS594/Homeworks/Homework-03/venv/lib/python3.9/site-packages/metaflow/_vendor/click/core.py", line 610, in invoke
[MFLOG|0|2025-04-12T16:07:22.151941Z|runtime|f92f9776-0695-4fb3-811a-ede317ffbd20]    return callback(args, kwargs)
[MFLOG|0|2025-04-12T16:07:22.151980Z|runtime|dee4455c-2c76-4deb-9398-8e2debc1c541]  File "/Users/srivatsakamballa/Desktop/Spring-2025/CS594/Homeworks/Homework-03/venv/lib/python3.9/site-packages/metaflow/tracing/__init__.py", line 27, in wrapper_func
[MFLOG|0|2025-04-12T16:07:22.152021Z|runtime|b8073ee0-0cbf-4083-935a-02bf5dab7436]    return func(args, kwargs)
[MFLOG|0|2025-04-12T16:07:22.152060Z|runtime|e05925a3-99aa-4ab4-94c5-df2b87080176]  File "/Users/srivatsakamballa/Desktop/Spring-2025/CS594/Homeworks/Homework-03/venv/lib/python3.9/site-packages/metaflow/_vendor/click/decorators.py", line 21, in new_func
[MFLOG|0|2025-04-12T16:07:22.152100Z|runtime|9e46d28d-9ef8-441a-a87b-fa234abd6acc]    return f(get_current_context(), args, kwargs)
[MFLOG|0|2025-04-12T16:07:22.152138Z|runtime|058aa0c5-a8cc-4a1c-84b8-8fc0a2747d9d]  File "/Users/srivatsakamballa/Desktop/Spring-2025/CS594/Homeworks/Homework-03/venv/lib/python3.9/site-packages/metaflow/cli_components/step_cmd.py", line 167, in step
[MFLOG|0|2025-04-12T16:07:22.152176Z|runtime|c90be3f4-4471-4705-81df-7255fa51808a]    task.run_step(
[MFLOG|0|2025-04-12T16:07:22.152217Z|runtime|5987eb3c-6467-45a3-b1b7-1cc2caa58ea2]  File "/Users/srivatsakamballa/Desktop/Spring-2025/CS594/Homeworks/Homework-03/venv/lib/python3.9/site-packages/metaflow/task.py", line 672, in run_step
[MFLOG|0|2025-04-12T16:07:22.152255Z|runtime|ac96eb96-ec24-42e1-8709-a74d22b210c1]    self._exec_step_function(step_func)
[MFLOG|0|2025-04-12T16:07:22.152292Z|runtime|c2735fd0-1a66-4f94-a156-c1871595a932]  File "/Users/srivatsakamballa/Desktop/Spring-2025/CS594/Homeworks/Homework-03/venv/lib/python3.9/site-packages/metaflow/task.py", line 62, in _exec_step_function
[MFLOG|0|2025-04-12T16:07:22.152330Z|runtime|108daf05-c904-4cae-90b2-229ff9007c4b]    step_function()
[MFLOG|0|2025-04-12T16:07:22.152368Z|runtime|bf0ea900-3309-4a5f-ac34-a9855ce27e2e]  File "/Users/srivatsakamballa/Desktop/Spring-2025/CS594/Homeworks/Homework-03/movie_popularity_flow.py", line 25, in start
[MFLOG|0|2025-04-12T16:07:22.152405Z|runtime|e034392c-506a-47f7-b361-69fa30108ac1]    self.data = pd.read_csv(url)
[MFLOG|0|2025-04-12T16:07:22.152442Z|runtime|7acbd7f0-ed0a-4eaa-b13f-15c6edae60e3]  File "/Users/srivatsakamballa/Desktop/Spring-2025/CS594/Homeworks/Homework-03/venv/lib/python3.9/site-packages/pandas/io/parsers/readers.py", line 1026, in read_csv
[MFLOG|0|2025-04-12T16:07:22.152481Z|runtime|47dfa04e-d247-46fc-9268-a292f6dcdb55]    return _read(filepath_or_buffer, kwds)
[MFLOG|0|2025-04-12T16:07:22.152518Z|runtime|97ae8e98-4035-4966-b73d-44d007acfcf2]  File "/Users/srivatsakamballa/Desktop/Spring-2025/CS594/Homeworks/Homework-03/venv/lib/python3.9/site-packages/pandas/io/parsers/readers.py", line 620, in _read
[MFLOG|0|2025-04-12T16:07:22.152556Z|runtime|d128ba97-08a7-427e-a6b7-aaff627bfeca]    parser = TextFileReader(filepath_or_buffer, kwds)
[MFLOG|0|2025-04-12T16:07:22.152595Z|runtime|e53fed53-545d-4da2-9da1-62354d7ea78b]  File "/Users/srivatsakamballa/Desktop/Spring-2025/CS594/Homeworks/Homework-03/venv/lib/python3.9/site-packages/pandas/io/parsers/readers.py", line 1620, in __init__
[MFLOG|0|2025-04-12T16:07:22.152633Z|runtime|00cc30c5-8ed1-451b-9845-e8491853e968]    self._engine = self._make_engine(f, self.engine)
[MFLOG|0|2025-04-12T16:07:22.152671Z|runtime|33c3f8a1-e7f9-4670-bed6-5b61c62d5e4a]  File "/Users/srivatsakamballa/Desktop/Spring-2025/CS594/Homeworks/Homework-03/venv/lib/python3.9/site-packages/pandas/io/parsers/readers.py", line 1880, in _make_engine
[MFLOG|0|2025-04-12T16:07:22.152708Z|runtime|6c2572e9-6374-4b13-a4c1-fed654d7d9dd]    self.handles = get_handle(
[MFLOG|0|2025-04-12T16:07:22.152745Z|runtime|e4ad225b-192f-452c-8f1d-ccba68929863]  File "/Users/srivatsakamballa/Desktop/Spring-2025/CS594/Homeworks/Homework-03/venv/lib/python3.9/site-packages/pandas/io/common.py", line 728, in get_handle
[MFLOG|0|2025-04-12T16:07:22.152781Z|runtime|354e8fbd-7ad4-4008-b4c4-dbd1880e6f2b]    ioargs = _get_filepath_or_buffer(
[MFLOG|0|2025-04-12T16:07:22.152818Z|runtime|d3dee533-1355-419c-a6ab-ae2e09108770]  File "/Users/srivatsakamballa/Desktop/Spring-2025/CS594/Homeworks/Homework-03/venv/lib/python3.9/site-packages/pandas/io/common.py", line 384, in _get_filepath_or_buffer
[MFLOG|0|2025-04-12T16:07:22.152855Z|runtime|8e6d1a43-2abd-40c1-ac74-12f57ed14d17]    with urlopen(req_info) as req:
[MFLOG|0|2025-04-12T16:07:22.152893Z|runtime|2e5de19e-46af-4194-a6d7-f4d06f95ef35]  File "/Users/srivatsakamballa/Desktop/Spring-2025/CS594/Homeworks/Homework-03/venv/lib/python3.9/site-packages/pandas/io/common.py", line 289, in urlopen
[MFLOG|0|2025-04-12T16:07:22.152934Z|runtime|82649186-81c7-41b8-be50-c1365561d0e7]    return urllib.request.urlopen(args, kwargs)
[MFLOG|0|2025-04-12T16:07:22.152971Z|runtime|cac668ad-6e28-4a45-a6e7-0a885ba49512]  File "/Users/srivatsakamballa/.pyenv/versions/3.9.13/lib/python3.9/urllib/request.py", line 214, in urlopen
[MFLOG|0|2025-04-12T16:07:22.153009Z|runtime|d900ef4a-fbf3-4f1d-9cf0-64e24dd8f63c]    return opener.open(url, data, timeout)
[MFLOG|0|2025-04-12T16:07:22.153048Z|runtime|3460b560-7f44-4044-87cc-cfdefe43f20b]  File "/Users/srivatsakamballa/.pyenv/versions/3.9.13/lib/python3.9/urllib/request.py", line 523, in open
[MFLOG|0|2025-04-12T16:07:22.153086Z|runtime|d196926e-57b7-4a29-b99c-94a7e4146c23]    response = meth(req, response)
[MFLOG|0|2025-04-12T16:07:22.153123Z|runtime|c81965d8-1b72-4a29-b0cc-d8a26be9b13c]  File "/Users/srivatsakamballa/.pyenv/versions/3.9.13/lib/python3.9/urllib/request.py", line 632, in http_response
[MFLOG|0|2025-04-12T16:07:22.153160Z|runtime|6e1571d3-739a-4346-aae6-20c0a34adfe3]    response = self.parent.error(
[MFLOG|0|2025-04-12T16:07:22.153197Z|runtime|3fe6afb1-45fa-4d4d-8e0c-0e9ed84d8684]  File "/Users/srivatsakamballa/.pyenv/versions/3.9.13/lib/python3.9/urllib/request.py", line 561, in error
[MFLOG|0|2025-04-12T16:07:22.153234Z|runtime|2d85b341-0d7f-4d11-bca0-e4efe3558861]    return self._call_chain(args)
[MFLOG|0|2025-04-12T16:07:22.153306Z|runtime|f590972c-3ec3-460a-8a2e-b314bfc4103b]  File "/Users/srivatsakamballa/.pyenv/versions/3.9.13/lib/python3.9/urllib/request.py", line 494, in _call_chain
[MFLOG|0|2025-04-12T16:07:22.153396Z|runtime|7fd0f5c0-e475-41a5-832d-d46d9a8e5aea]    result = func(args)
[MFLOG|0|2025-04-12T16:07:22.153453Z|runtime|60ae5437-197b-4196-a57b-4dcd9f74dc6b]  File "/Users/srivatsakamballa/.pyenv/versions/3.9.13/lib/python3.9/urllib/request.py", line 641, in http_error_default
[MFLOG|0|2025-04-12T16:07:22.153498Z|runtime|1510afab-bea0-4aa7-bace-5940fb25e1cc]    raise HTTPError(req.full_url, code, msg, hdrs, fp)
[MFLOG|0|2025-04-12T16:07:22.153539Z|runtime|ceb7e0e6-1be1-4f33-8c10-0d307816fb5b]urllib.error.HTTPError: HTTP Error 404: Not Found
[MFLOG|0|2025-04-12T16:07:22.153591Z|runtime|4a3b9d2b-0593-4401-b192-198116daf512]
[MFLOG|0|2025-04-12T16:07:22.154406Z|runtime|05a9aa52-4d95-4d43-b8cc-062d3bf5acef]Task failed.